Start testing: Aug 05 05:45 UTC
----------------------------------------------------------
1/1 Testing: print_ip_test
1/1 Test: print_ip_test
Command: "/home/travis/build/antik9/OtusCpp/tests/print_ip_test"
Directory: /home/travis/build/antik9/OtusCpp/tests
"print_ip_test" start time: Aug 05 05:45 UTC
Output:
----------------------------------------------------------
[==========] Running 11 tests from 3 test cases.
[----------] Global test environment set-up.
[----------] 2 tests from IS_CONTAINER
[ RUN      ] IS_CONTAINER.list
[       OK ] IS_CONTAINER.list (0 ms)
[ RUN      ] IS_CONTAINER.false_struct
[       OK ] IS_CONTAINER.false_struct (0 ms)
[----------] 2 tests from IS_CONTAINER (0 ms total)

[----------] 2 tests from IS_UNIFIED_TUPLE
[ RUN      ] IS_UNIFIED_TUPLE.unified
[       OK ] IS_UNIFIED_TUPLE.unified (0 ms)
[ RUN      ] IS_UNIFIED_TUPLE.not_unified
[       OK ] IS_UNIFIED_TUPLE.not_unified (0 ms)
[----------] 2 tests from IS_UNIFIED_TUPLE (0 ms total)

[----------] 7 tests from PRINT_IP
[ RUN      ] PRINT_IP.print_char
[       OK ] PRINT_IP.print_char (0 ms)
[ RUN      ] PRINT_IP.print_short
[       OK ] PRINT_IP.print_short (0 ms)
[ RUN      ] PRINT_IP.print_int
[       OK ] PRINT_IP.print_int (0 ms)
[ RUN      ] PRINT_IP.print_string
[       OK ] PRINT_IP.print_string (0 ms)
[ RUN      ] PRINT_IP.print_list
[       OK ] PRINT_IP.print_list (0 ms)
[ RUN      ] PRINT_IP.print_vector
[       OK ] PRINT_IP.print_vector (0 ms)
[ RUN      ] PRINT_IP.print_tuple
[       OK ] PRINT_IP.print_tuple (0 ms)
[----------] 7 tests from PRINT_IP (0 ms total)

[----------] Global test environment tear-down
[==========] 11 tests from 3 test cases ran. (0 ms total)
[  PASSED  ] 11 tests.
<end of output>
Test time =   0.00 sec
----------------------------------------------------------
Test Passed.
"print_ip_test" end time: Aug 05 05:45 UTC
"print_ip_test" time elapsed: 00:00:00
----------------------------------------------------------

End testing: Aug 05 05:45 UTC
